# JRE version: Java(TM) SE Runtime Environment (8.0_20-b26) (build 1.8.0_20-b26)
# Java VM: Java HotSpot(TM) 64-Bit Server VM (25.20-b23 mixed mode windows-amd64 compressed oops)
Heap:
 PSYoungGen      total 117248K, used 48310K [0x00000000eab00000, 0x00000000f5e80000, 0x0000000100000000)
  eden space 107008K, 45% used [0x00000000eab00000,0x00000000eda2da78,0x00000000f1380000)
  from space 10240K, 0% used [0x00000000f1380000,0x00000000f1380000,0x00000000f1d80000)
  to   space 10240K, 0% used [0x00000000f5480000,0x00000000f5480000,0x00000000f5e80000)
 ParOldGen       total 81920K, used 36222K [0x00000000c0000000, 0x00000000c5000000, 0x00000000eab00000)
  object space 81920K, 44% used [0x00000000c0000000,0x00000000c235faa8,0x00000000c5000000)
 Metaspace       used 36719K, capacity 38359K, committed 38696K, reserved 1081344K
  class space    used 5215K, capacity 5835K, committed 5928K, reserved 1048576K
GC Heap History (10 events):
Event: 7.519 GC heap before
{Heap before GC invocations=11 (full 1):
 PSYoungGen      total 55808K, used 53730K [0x00000000eab00000, 0x00000000f0380000, 0x0000000100000000)
  eden space 46592K, 100% used [0x00000000eab00000,0x00000000ed880000,0x00000000ed880000)
  from space 9216K, 77% used [0x00000000ed880000,0x00000000edf789a8,0x00000000ee180000)
  to   space 9728K, 0% used [0x00000000efa00000,0x00000000efa00000,0x00000000f0380000)
 ParOldGen       total 42496K, used 10884K [0x00000000c0000000, 0x00000000c2980000, 0x00000000eab00000)
  object space 42496K, 25% used [0x00000000c0000000,0x00000000c0aa11c8,0x00000000c2980000)
 Metaspace       used 28232K, capacity 29044K, committed 29312K, reserved 1075200K
  class space    used 3786K, capacity 4110K, committed 4224K, reserved 1048576K
Event: 7.525 GC heap after
Heap after GC invocations=11 (full 1):
 PSYoungGen      total 80384K, used 7859K [0x00000000eab00000, 0x00000000f0400000, 0x0000000100000000)
  eden space 70656K, 0% used [0x00000000eab00000,0x00000000eab00000,0x00000000ef000000)
  from space 9728K, 80% used [0x00000000efa00000,0x00000000f01acfa8,0x00000000f0380000)
  to   space 10240K, 0% used [0x00000000ef000000,0x00000000ef000000,0x00000000efa00000)
 ParOldGen       total 42496K, used 12137K [0x00000000c0000000, 0x00000000c2980000, 0x00000000eab00000)
  object space 42496K, 28% used [0x00000000c0000000,0x00000000c0bda4d8,0x00000000c2980000)
 Metaspace       used 28232K, capacity 29044K, committed 29312K, reserved 1075200K
  class space    used 3786K, capacity 4110K, committed 4224K, reserved 1048576K
}
Event: 8.042 GC heap before
{Heap before GC invocations=12 (full 1):
 PSYoungGen      total 80384K, used 78515K [0x00000000eab00000, 0x00000000f0400000, 0x0000000100000000)
  eden space 70656K, 100% used [0x00000000eab00000,0x00000000ef000000,0x00000000ef000000)
  from space 9728K, 80% used [0x00000000efa00000,0x00000000f01acfa8,0x00000000f0380000)
  to   space 10240K, 0% used [0x00000000ef000000,0x00000000ef000000,0x00000000efa00000)
 ParOldGen       total 42496K, used 12137K [0x00000000c0000000, 0x00000000c2980000, 0x00000000eab00000)
  object space 42496K, 28% used [0x00000000c0000000,0x00000000c0bda4d8,0x00000000c2980000)
 Metaspace       used 29920K, capacity 30960K, committed 31104K, reserved 1075200K
  class space    used 4061K, capacity 4450K, committed 4480K, reserved 1048576K
Event: 8.069 GC heap after
Heap after GC invocations=12 (full 1):
 PSYoungGen      total 80896K, used 7127K [0x00000000eab00000, 0x00000000f2780000, 0x0000000100000000)
  eden space 70656K, 0% used [0x00000000eab00000,0x00000000eab00000,0x00000000ef000000)
  from space 10240K, 69% used [0x00000000ef000000,0x00000000ef6f5f50,0x00000000efa00000)
  to   space 10240K, 0% used [0x00000000f1d80000,0x00000000f1d80000,0x00000000f2780000)
 ParOldGen       total 42496K, used 18936K [0x00000000c0000000, 0x00000000c2980000, 0x00000000eab00000)
  object space 42496K, 44% used [0x00000000c0000000,0x00000000c127e1f8,0x00000000c2980000)
 Metaspace       used 29920K, capacity 30960K, committed 31104K, reserved 1075200K
  class space    used 4061K, capacity 4450K, committed 4480K, reserved 1048576K
}
Event: 8.693 GC heap before
{Heap before GC invocations=13 (full 1):
 PSYoungGen      total 80896K, used 77783K [0x00000000eab00000, 0x00000000f2780000, 0x0000000100000000)
  eden space 70656K, 100% used [0x00000000eab00000,0x00000000ef000000,0x00000000ef000000)
  from space 10240K, 69% used [0x00000000ef000000,0x00000000ef6f5f50,0x00000000efa00000)
  to   space 10240K, 0% used [0x00000000f1d80000,0x00000000f1d80000,0x00000000f2780000)
 ParOldGen       total 42496K, used 18936K [0x00000000c0000000, 0x00000000c2980000, 0x00000000eab00000)
  object space 42496K, 44% used [0x00000000c0000000,0x00000000c127e1f8,0x00000000c2980000)
 Metaspace       used 32356K, capacity 33494K, committed 33792K, reserved 1077248K
  class space    used 4513K, capacity 4993K, committed 5120K, reserved 1048576K
Event: 8.718 GC heap after
Heap after GC invocations=13 (full 1):
 PSYoungGen      total 117248K, used 6866K [0x00000000eab00000, 0x00000000f2780000, 0x0000000100000000)
  eden space 107008K, 0% used [0x00000000eab00000,0x00000000eab00000,0x00000000f1380000)
  from space 10240K, 67% used [0x00000000f1d80000,0x00000000f2434a70,0x00000000f2780000)
  to   space 10240K, 0% used [0x00000000f1380000,0x00000000f1380000,0x00000000f1d80000)
 ParOldGen       total 42496K, used 25116K [0x00000000c0000000, 0x00000000c2980000, 0x00000000eab00000)
  object space 42496K, 59% used [0x00000000c0000000,0x00000000c1887218,0x00000000c2980000)
 Metaspace       used 32356K, capacity 33494K, committed 33792K, reserved 1077248K
  class space    used 4513K, capacity 4993K, committed 5120K, reserved 1048576K
}
Event: 9.324 GC heap before
{Heap before GC invocations=14 (full 1):
 PSYoungGen      total 117248K, used 74171K [0x00000000eab00000, 0x00000000f2780000, 0x0000000100000000)
  eden space 107008K, 62% used [0x00000000eab00000,0x00000000eecba200,0x00000000f1380000)
  from space 10240K, 67% used [0x00000000f1d80000,0x00000000f2434a70,0x00000000f2780000)
  to   space 10240K, 0% used [0x00000000f1380000,0x00000000f1380000,0x00000000f1d80000)
 ParOldGen       total 42496K, used 25116K [0x00000000c0000000, 0x00000000c2980000, 0x00000000eab00000)
  object space 42496K, 59% used [0x00000000c0000000,0x00000000c1887218,0x00000000c2980000)
 Metaspace       used 34175K, capacity 35430K, committed 35496K, reserved 1079296K
  class space    used 4806K, capacity 5266K, committed 5288K, reserved 1048576K
Event: 9.373 GC heap after
Heap after GC invocations=14 (full 1):
 PSYoungGen      total 117248K, used 8132K [0x00000000eab00000, 0x00000000f5e80000, 0x0000000100000000)
  eden space 107008K, 0% used [0x00000000eab00000,0x00000000eab00000,0x00000000f1380000)
  from space 10240K, 79% used [0x00000000f1380000,0x00000000f1b71200,0x00000000f1d80000)
  to   space 10240K, 0% used [0x00000000f5480000,0x00000000f5480000,0x00000000f5e80000)
 ParOldGen       total 42496K, used 30692K [0x00000000c0000000, 0x00000000c2980000, 0x00000000eab00000)
  object space 42496K, 72% used [0x00000000c0000000,0x00000000c1df9268,0x00000000c2980000)
 Metaspace       used 34175K, capacity 35430K, committed 35496K, reserved 1079296K
  class space    used 4806K, capacity 5266K, committed 5288K, reserved 1048576K
}
Event: 9.373 GC heap before
{Heap before GC invocations=15 (full 2):
 PSYoungGen      total 117248K, used 8132K [0x00000000eab00000, 0x00000000f5e80000, 0x0000000100000000)
  eden space 107008K, 0% used [0x00000000eab00000,0x00000000eab00000,0x00000000f1380000)
  from space 10240K, 79% used [0x00000000f1380000,0x00000000f1b71200,0x00000000f1d80000)
  to   space 10240K, 0% used [0x00000000f5480000,0x00000000f5480000,0x00000000f5e80000)
 ParOldGen       total 42496K, used 30692K [0x00000000c0000000, 0x00000000c2980000, 0x00000000eab00000)
  object space 42496K, 72% used [0x00000000c0000000,0x00000000c1df9268,0x00000000c2980000)
 Metaspace       used 34175K, capacity 35430K, committed 35496K, reserved 1079296K
  class space    used 4806K, capacity 5266K, committed 5288K, reserved 1048576K
Event: 9.582 GC heap after
Heap after GC invocations=15 (full 2):
 PSYoungGen      total 117248K, used 0K [0x00000000eab00000, 0x00000000f5e80000, 0x0000000100000000)
  eden space 107008K, 0% used [0x00000000eab00000,0x00000000eab00000,0x00000000f1380000)
  from space 10240K, 0% used [0x00000000f1380000,0x00000000f1380000,0x00000000f1d80000)
  to   space 10240K, 0% used [0x00000000f5480000,0x00000000f5480000,0x00000000f5e80000)
 ParOldGen       total 81920K, used 36222K [0x00000000c0000000, 0x00000000c5000000, 0x00000000eab00000)
  object space 81920K, 44% used [0x00000000c0000000,0x00000000c235faa8,0x00000000c5000000)
 Metaspace       used 34175K, capacity 35430K, committed 35496K, reserved 1079296K
  class space    used 4806K, capacity 5266K, committed 5288K, reserved 1048576K
}

