# JRE version: Java(TM) SE Runtime Environment (8.0_20-b26) (build 1.8.0_20-b26)
# Java VM: Java HotSpot(TM) 64-Bit Server VM (25.20-b23 mixed mode windows-amd64 compressed oops)
Heap:
 PSYoungGen      total 322048K, used 91304K [0x00000000eab00000, 0x0000000100000000, 0x0000000100000000)
  eden space 300032K, 30% used [0x00000000eab00000,0x00000000f042a3a8,0x00000000fd000000)
  from space 22016K, 0% used [0x00000000fea80000,0x00000000fea80000,0x0000000100000000)
  to   space 24576K, 0% used [0x00000000fd000000,0x00000000fd000000,0x00000000fe800000)
 ParOldGen       total 80896K, used 38502K [0x00000000c0000000, 0x00000000c4f00000, 0x00000000eab00000)
  object space 80896K, 47% used [0x00000000c0000000,0x00000000c2599988,0x00000000c4f00000)
 Metaspace       used 41939K, capacity 43675K, committed 43944K, reserved 1087488K
  class space    used 5837K, capacity 6517K, committed 6568K, reserved 1048576K
GC Heap History (10 events):
Event: 6.027 GC heap before
{Heap before GC invocations=6 (full 1):
 PSYoungGen      total 102400K, used 4064K [0x00000000eab00000, 0x00000000f8300000, 0x0000000100000000)
  eden space 98304K, 0% used [0x00000000eab00000,0x00000000eab00000,0x00000000f0b00000)
  from space 4096K, 99% used [0x00000000f0b00000,0x00000000f0ef8020,0x00000000f0f00000)
  to   space 12288K, 0% used [0x00000000f7700000,0x00000000f7700000,0x00000000f8300000)
 ParOldGen       total 65536K, used 12490K [0x00000000c0000000, 0x00000000c4000000, 0x00000000eab00000)
  object space 65536K, 19% used [0x00000000c0000000,0x00000000c0c32ab0,0x00000000c4000000)
 Metaspace       used 20834K, capacity 21216K, committed 21296K, reserved 1067008K
  class space    used 2789K, capacity 2915K, committed 2944K, reserved 1048576K
Event: 6.076 GC heap after
Heap after GC invocations=6 (full 1):
 PSYoungGen      total 102400K, used 0K [0x00000000eab00000, 0x00000000f8300000, 0x0000000100000000)
  eden space 98304K, 0% used [0x00000000eab00000,0x00000000eab00000,0x00000000f0b00000)
  from space 4096K, 0% used [0x00000000f0b00000,0x00000000f0b00000,0x00000000f0f00000)
  to   space 12288K, 0% used [0x00000000f7700000,0x00000000f7700000,0x00000000f8300000)
 ParOldGen       total 42496K, used 8862K [0x00000000c0000000, 0x00000000c2980000, 0x00000000eab00000)
  object space 42496K, 20% used [0x00000000c0000000,0x00000000c08a7b10,0x00000000c2980000)
 Metaspace       used 20833K, capacity 21214K, committed 21296K, reserved 1067008K
  class space    used 2788K, capacity 2914K, committed 2944K, reserved 1048576K
}
Event: 7.271 GC heap before
{Heap before GC invocations=7 (full 1):
 PSYoungGen      total 102400K, used 98304K [0x00000000eab00000, 0x00000000f8300000, 0x0000000100000000)
  eden space 98304K, 100% used [0x00000000eab00000,0x00000000f0b00000,0x00000000f0b00000)
  from space 4096K, 0% used [0x00000000f0b00000,0x00000000f0b00000,0x00000000f0f00000)
  to   space 12288K, 0% used [0x00000000f7700000,0x00000000f7700000,0x00000000f8300000)
 ParOldGen       total 42496K, used 8862K [0x00000000c0000000, 0x00000000c2980000, 0x00000000eab00000)
  object space 42496K, 20% used [0x00000000c0000000,0x00000000c08a7b10,0x00000000c2980000)
 Metaspace       used 27606K, capacity 28386K, committed 28672K, reserved 1073152K
  class space    used 3687K, capacity 3997K, committed 4096K, reserved 1048576K
Event: 7.280 GC heap after
Heap after GC invocations=7 (full 1):
 PSYoungGen      total 203776K, used 10783K [0x00000000eab00000, 0x00000000f8200000, 0x0000000100000000)
  eden space 192512K, 0% used [0x00000000eab00000,0x00000000eab00000,0x00000000f6700000)
  from space 11264K, 95% used [0x00000000f7700000,0x00000000f8187d70,0x00000000f8200000)
  to   space 13824K, 0% used [0x00000000f6700000,0x00000000f6700000,0x00000000f7480000)
 ParOldGen       total 42496K, used 8934K [0x00000000c0000000, 0x00000000c2980000, 0x00000000eab00000)
  object space 42496K, 21% used [0x00000000c0000000,0x00000000c08b9b20,0x00000000c2980000)
 Metaspace       used 27606K, capacity 28386K, committed 28672K, reserved 1073152K
  class space    used 3687K, capacity 3997K, committed 4096K, reserved 1048576K
}
Event: 8.869 GC heap before
{Heap before GC invocations=8 (full 1):
 PSYoungGen      total 203776K, used 203295K [0x00000000eab00000, 0x00000000f8200000, 0x0000000100000000)
  eden space 192512K, 100% used [0x00000000eab00000,0x00000000f6700000,0x00000000f6700000)
  from space 11264K, 95% used [0x00000000f7700000,0x00000000f8187d70,0x00000000f8200000)
  to   space 13824K, 0% used [0x00000000f6700000,0x00000000f6700000,0x00000000f7480000)
 ParOldGen       total 42496K, used 8934K [0x00000000c0000000, 0x00000000c2980000, 0x00000000eab00000)
  object space 42496K, 21% used [0x00000000c0000000,0x00000000c08b9b20,0x00000000c2980000)
 Metaspace       used 32980K, capacity 34156K, committed 34304K, reserved 1079296K
  class space    used 4619K, capacity 5102K, committed 5120K, reserved 1048576K
Event: 9.277 GC heap after
Heap after GC invocations=8 (full 1):
 PSYoungGen      total 206336K, used 13812K [0x00000000eab00000, 0x0000000100000000, 0x0000000100000000)
  eden space 192512K, 0% used [0x00000000eab00000,0x00000000eab00000,0x00000000f6700000)
  from space 13824K, 99% used [0x00000000f6700000,0x00000000f747d010,0x00000000f7480000)
  to   space 22016K, 0% used [0x00000000fea80000,0x00000000fea80000,0x0000000100000000)
 ParOldGen       total 42496K, used 20582K [0x00000000c0000000, 0x00000000c2980000, 0x00000000eab00000)
  object space 42496K, 48% used [0x00000000c0000000,0x00000000c1419828,0x00000000c2980000)
 Metaspace       used 32980K, capacity 34156K, committed 34304K, reserved 1079296K
  class space    used 4619K, capacity 5102K, committed 5120K, reserved 1048576K
}
Event: 9.629 GC heap before
{Heap before GC invocations=9 (full 1):
 PSYoungGen      total 206336K, used 51512K [0x00000000eab00000, 0x0000000100000000, 0x0000000100000000)
  eden space 192512K, 19% used [0x00000000eab00000,0x00000000ecfd12c0,0x00000000f6700000)
  from space 13824K, 99% used [0x00000000f6700000,0x00000000f747d010,0x00000000f7480000)
  to   space 22016K, 0% used [0x00000000fea80000,0x00000000fea80000,0x0000000100000000)
 ParOldGen       total 42496K, used 20582K [0x00000000c0000000, 0x00000000c2980000, 0x00000000eab00000)
  object space 42496K, 48% used [0x00000000c0000000,0x00000000c1419828,0x00000000c2980000)
 Metaspace       used 34152K, capacity 35430K, committed 35496K, reserved 1079296K
  class space    used 4802K, capacity 5266K, committed 5288K, reserved 1048576K
Event: 9.660 GC heap after
Heap after GC invocations=9 (full 1):
 PSYoungGen      total 322048K, used 18680K [0x00000000eab00000, 0x0000000100000000, 0x0000000100000000)
  eden space 300032K, 0% used [0x00000000eab00000,0x00000000eab00000,0x00000000fd000000)
  from space 22016K, 84% used [0x00000000fea80000,0x00000000ffcbe210,0x0000000100000000)
  to   space 24576K, 0% used [0x00000000fd000000,0x00000000fd000000,0x00000000fe800000)
 ParOldGen       total 42496K, used 20590K [0x00000000c0000000, 0x00000000c2980000, 0x00000000eab00000)
  object space 42496K, 48% used [0x00000000c0000000,0x00000000c141b828,0x00000000c2980000)
 Metaspace       used 34152K, capacity 35430K, committed 35496K, reserved 1079296K
  class space    used 4802K, capacity 5266K, committed 5288K, reserved 1048576K
}
Event: 9.660 GC heap before
{Heap before GC invocations=10 (full 2):
 PSYoungGen      total 322048K, used 18680K [0x00000000eab00000, 0x0000000100000000, 0x0000000100000000)
  eden space 300032K, 0% used [0x00000000eab00000,0x00000000eab00000,0x00000000fd000000)
  from space 22016K, 84% used [0x00000000fea80000,0x00000000ffcbe210,0x0000000100000000)
  to   space 24576K, 0% used [0x00000000fd000000,0x00000000fd000000,0x00000000fe800000)
 ParOldGen       total 42496K, used 20590K [0x00000000c0000000, 0x00000000c2980000, 0x00000000eab00000)
  object space 42496K, 48% used [0x00000000c0000000,0x00000000c141b828,0x00000000c2980000)
 Metaspace       used 34152K, capacity 35430K, committed 35496K, reserved 1079296K
  class space    used 4802K, capacity 5266K, committed 5288K, reserved 1048576K
Event: 9.919 GC heap after
Heap after GC invocations=10 (full 2):
 PSYoungGen      total 322048K, used 0K [0x00000000eab00000, 0x0000000100000000, 0x0000000100000000)
  eden space 300032K, 0% used [0x00000000eab00000,0x00000000eab00000,0x00000000fd000000)
  from space 22016K, 0% used [0x00000000fea80000,0x00000000fea80000,0x0000000100000000)
  to   space 24576K, 0% used [0x00000000fd000000,0x00000000fd000000,0x00000000fe800000)
 ParOldGen       total 80896K, used 38502K [0x00000000c0000000, 0x00000000c4f00000, 0x00000000eab00000)
  object space 80896K, 47% used [0x00000000c0000000,0x00000000c2599988,0x00000000c4f00000)
 Metaspace       used 34152K, capacity 35430K, committed 35496K, reserved 1079296K
  class space    used 4802K, capacity 5266K, committed 5288K, reserved 1048576K
}

